<?xml version="1.0" encoding="UTF-8"?>
<testng-results ignored="0" total="1" passed="1" failed="0" skipped="0">
  <reporter-output>
  </reporter-output>
  <suite started-at="2024-06-11T16:15:47 IST" name="Default suite" finished-at="2024-06-11T16:15:56 IST" duration-ms="9099">
    <groups>
    </groups>
    <test started-at="2024-06-11T16:15:47 IST" name="Default test" finished-at="2024-06-11T16:15:56 IST" duration-ms="9099">
      <class name="com.demowebshoptest.LoginTest">
        <test-method is-config="true" signature="initializeDriver()[pri:0, instance:com.demowebshoptest.LoginTest@5e0826e7]" started-at="2024-06-11T16:15:47 IST" name="initializeDriver" finished-at="2024-06-11T16:15:53 IST" duration-ms="6067" status="PASS">
          <reporter-output>
          </reporter-output>
        </test-method> <!-- initializeDriver -->
        <test-method signature="verifyUserIsAbleToLoginWithValidCred()[pri:0, instance:com.demowebshoptest.LoginTest@5e0826e7]" started-at="2024-06-11T16:15:53 IST" name="verifyUserIsAbleToLoginWithValidCred" finished-at="2024-06-11T16:15:56 IST" duration-ms="2990" status="PASS">
          <reporter-output>
          </reporter-output>
        </test-method> <!-- verifyUserIsAbleToLoginWithValidCred -->
        <test-method is-config="true" signature="tearDown()[pri:0, instance:com.demowebshoptest.LoginTest@5e0826e7]" started-at="2024-06-11T16:15:56 IST" name="tearDown" finished-at="2024-06-11T16:15:56 IST" duration-ms="1" status="PASS">
          <reporter-output>
          </reporter-output>
        </test-method> <!-- tearDown -->
      </class> <!-- com.demowebshoptest.LoginTest -->
    </test> <!-- Default test -->
  </suite> <!-- Default suite -->
</testng-results>
